#
# There is insufficient memory for the Java Runtime Environment to continue.
# Native memory allocation (mmap) failed to map 100663296 bytes for G1 virtual space
# Possible reasons:
#   The system is out of physical RAM or swap space
#   The process is running with CompressedOops enabled, and the Java Heap may be blocking the growth of the native heap
# Possible solutions:
#   Reduce memory load on the system
#   Increase physical memory or swap space
#   Check if swap backing store is full
#   Decrease Java heap size (-Xmx/-Xms)
#   Decrease number of Java threads
#   Decrease Java thread stack sizes (-Xss)
#   Set larger code cache with -XX:ReservedCodeCacheSize=
#   JVM is running with Unscaled Compressed Oops mode in which the Java heap is
#     placed in the first 4GB address space. The Java Heap base address is the
#     maximum limit for the native heap growth. Please use -XX:HeapBaseMinAddress
#     to set the Java Heap base and to place the Java Heap above 4GB virtual address.
# This output file may be truncated or incomplete.
#
#  Out of Memory Error (os_windows.cpp:3469), pid=13220, tid=18048
#
# JRE version:  (17.0+35) (build )
# Java VM: Java HotSpot(TM) 64-Bit Server VM (17+35-LTS-2724, mixed mode, sharing, tiered, compressed oops, compressed class ptrs, g1 gc, windows-amd64)
# No core dump will be written. Minidumps are not enabled by default on client versions of Windows
#

---------------  S U M M A R Y ------------

Command Line: -Dfile.encoding=UTF-8 -XX:+ShowCodeDetailsInExceptionMessages com.techshop.TechShop.MainModule

Host: AMD Ryzen 3 3250U with Radeon Graphics         , 4 cores, 5G,  Windows 10 , 64 bit Build 22621 (10.0.22621.2506)
Time: Sun Jan 21 19:50:44 2024 India Standard Time elapsed time: 0.048660 seconds (0d 0h 0m 0s)

---------------  T H R E A D  ---------------

Current thread (0x0000023abf6bf840):  JavaThread "Unknown thread" [_thread_in_vm, id=18048, stack(0x00000044ee800000,0x00000044ee900000)]

Stack: [0x00000044ee800000,0x00000044ee900000]
Native frames: (J=compiled Java code, j=interpreted, Vv=VM code, C=native code)
V  [jvm.dll+0x66f8ea]
V  [jvm.dll+0x7ce224]
V  [jvm.dll+0x7cf9ce]
V  [jvm.dll+0x7d0033]
V  [jvm.dll+0x242bb5]
V  [jvm.dll+0x66c909]
V  [jvm.dll+0x6613d2]
V  [jvm.dll+0x30082b]
V  [jvm.dll+0x307db6]
V  [jvm.dll+0x357a0e]
V  [jvm.dll+0x357c3f]
V  [jvm.dll+0x2d7ae8]
V  [jvm.dll+0x2d8a54]
V  [jvm.dll+0x7a00a1]
V  [jvm.dll+0x365781]
V  [jvm.dll+0x77f59c]
V  [jvm.dll+0x3e805f]
V  [jvm.dll+0x3e9b01]
C  [jli.dll+0x527b]
C  [ucrtbase.dll+0x29363]
C  [KERNEL32.DLL+0x1257d]
C  [ntdll.dll+0x5aa58]


---------------  P R O C E S S  ---------------

Threads class SMR info:
_java_thread_list=0x00007ffad2fe7818, length=0, elements={
}

Java Threads: ( => current thread )

Other Threads:
  0x0000023abf6f6790 GCTaskThread "GC Thread#0" [stack: 0x00000044ee900000,0x00000044eea00000] [id=18068]
  0x0000023abf704520 ConcurrentGCThread "G1 Main Marker" [stack: 0x00000044eea00000,0x00000044eeb00000] [id=1620]
  0x0000023abf704f30 ConcurrentGCThread "G1 Conc#0" [stack: 0x00000044eeb00000,0x00000044eec00000] [id=15944]

[error occurred during error reporting (printing all threads), id 0xc0000005, EXCEPTION_ACCESS_VIOLATION (0xc0000005) at pc=0x00007ffad28384c7]

VM state: not at safepoint (not fully initialized)

VM Mutex/Monitor currently owned by a thread:  ([mutex/lock_event])
[0x0000023abf6baff0] Heap_lock - owner thread: 0x0000023abf6bf840

Heap address: 0x00000000a0e00000, size: 1522 MB, Compressed Oops mode: 32-bit

CDS archive(s) mapped at: [0x0000000000000000-0x0000000000000000-0x0000000000000000), size 0, SharedBaseAddress: 0x0000000800000000, ArchiveRelocationMode: 0.
Narrow klass base: 0x0000000000000000, Narrow klass shift: 0, Narrow klass range: 0x0

GC Precious Log:
<Empty>

Heap:
 garbage-first heap   total 0K, used 0K [0x00000000a0e00000, 0x0000000100000000)
  region size 1024K, 0 young (0K), 0 survivors (0K)

[error occurred during error reporting (printing heap information), id 0xc0000005, EXCEPTION_ACCESS_VIOLATION (0xc0000005) at pc=0x00007ffad2c18c59]

GC Heap History (0 events):
No events

Deoptimization events (0 events):
No events

Classes unloaded (0 events):
No events

Classes redefined (0 events):
No events

Internal exceptions (0 events):
No events

VM Operations (0 events):
No events

Events (1 events):
Event: 0.032 Loaded shared library C:\Program Files\Java\jdk-17\bin\java.dll


Dynamic libraries:
0x00007ff6cbc00000 - 0x00007ff6cbc10000 	C:\Program Files\Java\jdk-17\bin\javaw.exe
0x00007ffb2db70000 - 0x00007ffb2dd87000 	C:\WINDOWS\SYSTEM32\ntdll.dll
0x00007ffb2bec0000 - 0x00007ffb2bf84000 	C:\WINDOWS\System32\KERNEL32.DLL
0x00007ffb2b370000 - 0x00007ffb2b716000 	C:\WINDOWS\System32\KERNELBASE.dll
0x00007ffb2b250000 - 0x00007ffb2b361000 	C:\WINDOWS\System32\ucrtbase.dll
0x00007ffb15cd0000 - 0x00007ffb15ce8000 	C:\Program Files\Java\jdk-17\bin\jli.dll
0x00007ffb2bc50000 - 0x00007ffb2bd03000 	C:\WINDOWS\System32\ADVAPI32.dll
0x00007ffb2bd10000 - 0x00007ffb2bdb7000 	C:\WINDOWS\System32\msvcrt.dll
0x00007ffb2b8c0000 - 0x00007ffb2b968000 	C:\WINDOWS\System32\sechost.dll
0x00007ffb2b7a0000 - 0x00007ffb2b7c8000 	C:\WINDOWS\System32\bcrypt.dll
0x00007ffb2d850000 - 0x00007ffb2d967000 	C:\WINDOWS\System32\RPCRT4.dll
0x00007ffb2c090000 - 0x00007ffb2c23e000 	C:\WINDOWS\System32\USER32.dll
0x00007ffb2b890000 - 0x00007ffb2b8b6000 	C:\WINDOWS\System32\win32u.dll
0x00007ffb2ba20000 - 0x00007ffb2ba49000 	C:\WINDOWS\System32\GDI32.dll
0x00007ffb2afc0000 - 0x00007ffb2b0d8000 	C:\WINDOWS\System32\gdi32full.dll
0x00007ffb2aeb0000 - 0x00007ffb2af4a000 	C:\WINDOWS\System32\msvcp_win.dll
0x00007ffb16710000 - 0x00007ffb1672a000 	C:\Program Files\Java\jdk-17\bin\VCRUNTIME140.dll
0x00007ffb16450000 - 0x00007ffb166e3000 	C:\WINDOWS\WinSxS\amd64_microsoft.windows.common-controls_6595b64144ccf1df_6.0.22621.2506_none_270c5ae97388e100\COMCTL32.dll
0x00007ffb22870000 - 0x00007ffb2287a000 	C:\WINDOWS\SYSTEM32\VERSION.dll
0x00007ffb2bab0000 - 0x00007ffb2bae1000 	C:\WINDOWS\System32\IMM32.DLL
0x00007ffb264b0000 - 0x00007ffb264bc000 	C:\Program Files\Java\jdk-17\bin\vcruntime140_1.dll
0x00007ffaee110000 - 0x00007ffaee19d000 	C:\Program Files\Java\jdk-17\bin\msvcp140.dll
0x00007ffad2550000 - 0x00007ffad310e000 	C:\Program Files\Java\jdk-17\bin\server\jvm.dll
0x00007ffb2bfa0000 - 0x00007ffb2bfa8000 	C:\WINDOWS\System32\PSAPI.DLL
0x00007ffb1c600000 - 0x00007ffb1c609000 	C:\WINDOWS\SYSTEM32\WSOCK32.dll
0x00007ffb2ce10000 - 0x00007ffb2ce81000 	C:\WINDOWS\System32\WS2_32.dll
0x00007ffb23330000 - 0x00007ffb23364000 	C:\WINDOWS\SYSTEM32\WINMM.dll
0x00007ffb29ee0000 - 0x00007ffb29ef8000 	C:\WINDOWS\SYSTEM32\kernel.appcore.dll
0x00007ffb1c3e0000 - 0x00007ffb1c3ea000 	C:\Program Files\Java\jdk-17\bin\jimage.dll
0x00007ffb14390000 - 0x00007ffb145c3000 	C:\WINDOWS\SYSTEM32\DBGHELP.DLL
0x00007ffb2ca20000 - 0x00007ffb2cda9000 	C:\WINDOWS\System32\combase.dll
0x00007ffb2bb70000 - 0x00007ffb2bc47000 	C:\WINDOWS\System32\OLEAUT32.dll
0x00007ffb0a950000 - 0x00007ffb0a982000 	C:\WINDOWS\SYSTEM32\dbgcore.DLL
0x00007ffb2b720000 - 0x00007ffb2b79a000 	C:\WINDOWS\System32\bcryptPrimitives.dll
0x00007ffb0bc30000 - 0x00007ffb0bc55000 	C:\Program Files\Java\jdk-17\bin\java.dll

dbghelp: loaded successfully - version: 4.0.5 - missing functions: none
symbol engine: initialized successfully - sym options: 0x614 - pdb path: .;C:\Program Files\Java\jdk-17\bin;C:\WINDOWS\SYSTEM32;C:\WINDOWS\WinSxS\amd64_microsoft.windows.common-controls_6595b64144ccf1df_6.0.22621.2506_none_270c5ae97388e100;C:\Program Files\Java\jdk-17\bin\server

VM Arguments:
jvm_args: -Dfile.encoding=UTF-8 -XX:+ShowCodeDetailsInExceptionMessages 
java_command: com.techshop.TechShop.MainModule
java_class_path (initial): C:\Users\spiderman\eclipse-workspace\TechShop-main\target\classes;C:\Users\spiderman\.m2\repository\mysql\mysql-connector-java\8.0.23\mysql-connector-java-8.0.23.jar;C:\Users\spiderman\.m2\repository\com\google\protobuf\protobuf-java\3.11.4\protobuf-java-3.11.4.jar
Launcher Type: SUN_STANDARD

[Global flags]
     intx CICompilerCount                          = 3                                         {product} {ergonomic}
     uint ConcGCThreads                            = 1                                         {product} {ergonomic}
     uint G1ConcRefinementThreads                  = 4                                         {product} {ergonomic}
   size_t G1HeapRegionSize                         = 1048576                                   {product} {ergonomic}
    uintx GCDrainStackTargetSize                   = 64                                        {product} {ergonomic}
   size_t InitialHeapSize                          = 100663296                                 {product} {ergonomic}
   size_t MarkStackSize                            = 4194304                                   {product} {ergonomic}
   size_t MaxHeapSize                              = 1595932672                                {product} {ergonomic}
   size_t MinHeapDeltaBytes                        = 1048576                                   {product} {ergonomic}
   size_t MinHeapSize                              = 8388608                                   {product} {ergonomic}
    uintx NonNMethodCodeHeapSize                   = 5832780                                {pd product} {ergonomic}
    uintx NonProfiledCodeHeapSize                  = 122912730                              {pd product} {ergonomic}
    uintx ProfiledCodeHeapSize                     = 122912730                              {pd product} {ergonomic}
    uintx ReservedCodeCacheSize                    = 251658240                              {pd product} {ergonomic}
     bool SegmentedCodeCache                       = true                                      {product} {ergonomic}
     bool ShowCodeDetailsInExceptionMessages       = true                                   {manageable} {command line}
   size_t SoftMaxHeapSize                          = 1595932672                             {manageable} {ergonomic}
     bool UseCompressedClassPointers               = true                           {product lp64_product} {ergonomic}
     bool UseCompressedOops                        = true                           {product lp64_product} {ergonomic}
     bool UseG1GC                                  = true                                      {product} {ergonomic}
     bool UseLargePagesIndividualAllocation        = false                                  {pd product} {ergonomic}

Logging:
Log output configuration:
 #0: stdout all=warning uptime,level,tags
 #1: stderr all=off uptime,level,tags

Environment Variables:
PATH=C:\PROGRA~2\RATIONAL\RATION~1\NUTCROOT\bin;C:\PROGRA~2\RATIONAL\RATION~1\NUTCROOT\mksnt;C:\Program Files\Common Files\Oracle\Java\javapath;C:\WINDOWS\system32;C:\WINDOWS;C:\WINDOWS\System32\Wbem;C:\WINDOWS\System32\WindowsPowerShell\v1.0\;C:\WINDOWS\System32\OpenSSH\;C:\Program Files\Java\jdk-17;C:\Program Files\Git\cmd;C:\Android;C:\Windows\System32;C:\Program Files (x86)\Rational\common;C:\Program Files (x86)\Rational\ClearQuest;C:\Program Files (x86)\Rational\Rose\TopLink\;C:\Program Files\MySQL\MySQL Server 8.0\bin;C:\Program Files\MySQL\MySQL Shell 8.0\bin\;C:\Users\spiderman\AppData\Local\Microsoft\WindowsApps;C:\Users\spiderman\AppData\Local\Programs\Microsoft VS Code\bin;C:\Users\spiderman\AppData\Local\GitHubDesktop\bin;C:\Windows\SysWOW64;
USERNAME=spiderman
SHELL=C:\PROGRA~2\RATIONAL\RATION~1\NUTCROOT\mksnt\sh.exe
DISPLAY=:0.0
OS=Windows_NT
PROCESSOR_IDENTIFIER=AMD64 Family 23 Model 24 Stepping 1, AuthenticAMD



---------------  S Y S T E M  ---------------

OS:
 Windows 10 , 64 bit Build 22621 (10.0.22621.2506)
OS uptime: 2 days 2:15 hours

CPU: total 4 (initial active 4) (4 cores per cpu, 2 threads per core) family 23 model 24 stepping 1 microcode 0x0, cx8, cmov, fxsr, ht, mmx, 3dnowpref, sse, sse2, sse3, ssse3, sse4a, sse4.1, sse4.2, popcnt, lzcnt, tsc, tscinvbit, avx, avx2, aes, clmul, bmi1, bmi2, adx, sha, fma, vzeroupper, clflush, clflushopt

Memory: 4k page, system-wide physical 6086M (279M free)
TotalPageFile size 10182M (AvailPageFile size 97M)
current process WorkingSet (physical memory assigned to process): 11M, peak: 11M
current process commit charge ("private bytes"): 51M, peak: 147M

vm_info: Java HotSpot(TM) 64-Bit Server VM (17+35-LTS-2724) for windows-amd64 JRE (17+35-LTS-2724), built on Aug  5 2021 23:28:28 by "mach5one" with MS VC++ 16.8 (VS2019)

END.
